<?xml version="1.0" encoding="UTF-8"?>
<!-- Generated by org.testng.reporters.JUnitReportReporter -->
<testsuite hostname="DESKTOP-45CEJ1M" failures="0" tests="1" name="packageAmazon.ProjectAmazon.Testcase2_LogintoAmazon_SearchforAproduct" time="67.441" errors="0" timestamp="2025-05-03T21:33:36 IST" skipped="0">
  <testcase classname="packageAmazon.ProjectAmazon.Testcase2_LogintoAmazon_SearchforAproduct" name="validcredentials_searchingproduct" time="67.441">
    <system-out>
      <![CDATA[Test case Passedvalidcredentials_searchingproduct]]>
    </system-out>
  </testcase> <!-- validcredentials_searchingproduct -->
  <system-out>
    <![CDATA[Test case Passedvalidcredentials_searchingproduct]]>
  </system-out>
</testsuite> <!-- packageAmazon.ProjectAmazon.Testcase2_LogintoAmazon_SearchforAproduct -->
