<?xml version="1.0" encoding="UTF-8"?>
<!-- Generated by org.testng.reporters.JUnitReportReporter -->
<testsuite hostname="DESKTOP-45CEJ1M" failures="0" tests="1" name="packageAmazon.ProjectAmazon.Testcase11_SelectEachPaymentMethod" time="45.671" errors="0" timestamp="2025-05-09T07:32:25 IST" skipped="0">
  <testcase classname="packageAmazon.ProjectAmazon.Testcase11_SelectEachPaymentMethod" name="selectEachPaymentMethod" time="45.671">
    <system-out>
      <![CDATA[Selected amazonpay
Selected creditordebitcard
Selected netbanking
Selected emi
Selected upi
Selected cashondelivery
payment selection is done
Test case Passed selectEachPaymentMethod]]>
    </system-out>
  </testcase> <!-- selectEachPaymentMethod -->
  <system-out>
    <![CDATA[Test case Passed validcredentials
Test case Passed invalidcredentials
Test case Passed editProfileInfo
Test case Passed validcredentials_searchingproduct
control passed
Test case Passed displaysPriceProductdescriptionReviews
control passed
Test case Passed productaddedtocart
control passed
ItemQuantity incremented
ItemQuantity decremented
Test case Passed addandRemoveItemQuantity
Selected amazonpay
Selected creditordebitcard
Selected netbanking
Selected emi
Selected upi
Selected cashondelivery
payment selection is done
Test case Passed selectEachPaymentMethod
control passed
Product added to cart
Address selection is done
control passed
Product added to cart
control passed
Product added to cart
Address selection is done
Test case FailedcheckoutProcessAddressPaymentSelectionOrderreview
Couponcode entered
Test case Passed applyforCouponCodeWhileOrdering
Logged in with credentials
Able to view orders page
Review submitted with 5 star rating
Test case Passed productRating
control passed
Reached till cart but cannot proceed to buy without login
Test case Passed reachtillCartPageWithoutLogin]]>
  </system-out>
</testsuite> <!-- packageAmazon.ProjectAmazon.Testcase11_SelectEachPaymentMethod -->
