<?xml version="1.0" encoding="UTF-8"?>
<!-- Generated by org.testng.reporters.JUnitReportReporter -->
<testsuite hostname="DESKTOP-45CEJ1M" failures="0" tests="1" name="packageAmazon.ProjectAmazon.RegisterNewUser" time="49.390" errors="0" timestamp="2025-04-30T15:16:11 IST" skipped="0">
  <testcase classname="packageAmazon.ProjectAmazon.RegisterNewUser" name="RegisternewUser" time="49.390"/>
</testsuite> <!-- packageAmazon.ProjectAmazon.RegisterNewUser -->
