<?xml version="1.0" encoding="UTF-8"?>
<!-- Generated by org.testng.reporters.JUnitReportReporter -->
<testsuite hostname="DESKTOP-45CEJ1M" failures="0" tests="1" name="packageAmazon.ProjectAmazon.Testcase2_LogintoAmazon_SearchforAproduct" time="76.585" errors="0" timestamp="2025-04-30T17:57:31 IST" skipped="0">
  <testcase classname="packageAmazon.ProjectAmazon.Testcase2_LogintoAmazon_SearchforAproduct" name="validcredentials_searchingproduct" time="76.585"/>
</testsuite> <!-- packageAmazon.ProjectAmazon.Testcase2_LogintoAmazon_SearchforAproduct -->
