<?xml version="1.0" encoding="UTF-8"?>
<!-- Generated by org.testng.reporters.JUnitReportReporter -->
<testsuite hostname="DESKTOP-45CEJ1M" failures="0" tests="1" name="packageAmazon.ProjectAmazon.Testcase10_AddandRemoveItemQuantity" time="33.120" errors="0" timestamp="2025-05-12T14:57:42 IST" skipped="0">
  <testcase classname="packageAmazon.ProjectAmazon.Testcase10_AddandRemoveItemQuantity" name="addandRemoveItemQuantity" time="33.120">
    <system-out>
      <![CDATA[ItemQuantity incremented
ItemQuantity decremented
Test case Passed addandRemoveItemQuantity]]>
    </system-out>
  </testcase> <!-- addandRemoveItemQuantity -->
  <system-out>
    <![CDATA[ItemQuantity incremented
ItemQuantity decremented
Test case Passed addandRemoveItemQuantity]]>
  </system-out>
</testsuite> <!-- packageAmazon.ProjectAmazon.Testcase10_AddandRemoveItemQuantity -->
