<?xml version="1.0" encoding="UTF-8"?>
<!-- Generated by org.testng.reporters.JUnitReportReporter -->
<testsuite hostname="DESKTOP-45CEJ1M" failures="0" tests="2" name="packageAmazon.ProjectAmazon.Testcase8_CheckifProductcanbeSortedByPrice" time="46.019" errors="0" timestamp="2025-05-14T06:36:34 IST" skipped="1">
  <testcase classname="packageAmazon.ProjectAmazon.Testcase8_CheckifProductcanbeSortedByPrice" name="checkifProductcanbeSortedByPrice" time="26.032">
    <skipped/>
  </testcase> <!-- checkifProductcanbeSortedByPrice -->
  <testcase classname="packageAmazon.ProjectAmazon.Testcase8_CheckifProductcanbeSortedByPrice" name="checkifProductcanbeSortedByPrice" time="19.987">
    <system-out>
      <![CDATA[Test case Passed checkifProductcanbeSortedByPrice]]>
    </system-out>
  </testcase> <!-- checkifProductcanbeSortedByPrice -->
  <system-out>
    <![CDATA[Test case Passed checkifProductcanbeSortedByPrice]]>
  </system-out>
</testsuite> <!-- packageAmazon.ProjectAmazon.Testcase8_CheckifProductcanbeSortedByPrice -->
