<?xml version="1.0" encoding="UTF-8"?>
<!-- Generated by org.testng.reporters.JUnitReportReporter -->
<testsuite hostname="DESKTOP-45CEJ1M" failures="0" tests="2" name="packageAmazon.ProjectAmazon.Testcase5_LogintoAmazon_SearchforAproduct" time="27.418" errors="0" timestamp="2025-05-12T07:00:02 IST" skipped="1">
  <testcase classname="packageAmazon.ProjectAmazon.Testcase5_LogintoAmazon_SearchforAproduct" name="validcredentials_searchingproduct" time="12.734">
    <system-out>
      <![CDATA[Test case Passed validcredentials_searchingproduct]]>
    </system-out>
  </testcase> <!-- validcredentials_searchingproduct -->
  <testcase classname="packageAmazon.ProjectAmazon.Testcase5_LogintoAmazon_SearchforAproduct" name="validcredentials_searchingproduct" time="14.684">
    <skipped/>
  </testcase> <!-- validcredentials_searchingproduct -->
  <system-out>
    <![CDATA[Test case Passed RegisternewUser
Test case Passed validcredentials
Test case Passed invalidcredentials
Test case Passed editProfileInfo
Test case Passed validcredentials_searchingproduct
Test case Passed searchingwithFiltersYieldAccurateResults
Control passed to child window
Price is displayed
Control passed to child window
Price is displayed
product Description is displayed
Customer Reviews is displayed
Test case Passed displaysPriceProductdescriptionReviews
Test case Passed checkifProductcanbeSortedByPrice
control passed
Test case Passed productaddedtocart
control passed
ItemQuantity incremented
ItemQuantity decremented
Test case Passed addandRemoveItemQuantity
control passed
Product added to cart
Address selection is done
Payment selection is done
Review page comtains product detail
Test case Passed checkoutProcessAddressPaymentSelectionOrderreview
Selected amazonpay
Selected creditordebitcard
Selected netbanking
Selected emi
Selected upi
Selected cashondelivery
payment selection is done
Test case Passed selectEachPaymentMethod
Couponcode entered
Test case Passed applyforCouponCodeWhileOrdering
control passed
Reached till cart but cannot proceed to buy without login
Test case Passed reachtillCartPageWithoutLogin
Logged in with credentials
Able to view orders page
Review submitted with 5 star rating
Test case Passed productRating]]>
  </system-out>
</testsuite> <!-- packageAmazon.ProjectAmazon.Testcase5_LogintoAmazon_SearchforAproduct -->
