<?xml version="1.0" encoding="UTF-8"?>
<!-- Generated by org.testng.reporters.JUnitReportReporter -->
<testsuite hostname="DESKTOP-45CEJ1M" failures="0" tests="1" name="packageAmazon.ProjectAmazon.Testcase1_LogintoAmazon" time="13.052" errors="0" timestamp="2025-05-03T17:25:02 IST" skipped="0">
  <testcase classname="packageAmazon.ProjectAmazon.Testcase1_LogintoAmazon" name="validcredentials" time="13.052">
    <system-out>
      <![CDATA[Test case Passed]]>
    </system-out>
  </testcase> <!-- validcredentials -->
  <system-out>
    <![CDATA[Test case Passed]]>
  </system-out>
</testsuite> <!-- packageAmazon.ProjectAmazon.Testcase1_LogintoAmazon -->
