<?xml version="1.0" encoding="UTF-8"?>
<!-- Generated by org.testng.reporters.JUnitReportReporter -->
<testsuite hostname="DESKTOP-45CEJ1M" failures="0" tests="1" name="packageAmazon.ProjectAmazon.Testcase2_LogintoAmazon_SearchforAproduct" time="18.920" errors="0" timestamp="2025-05-02T06:35:06 IST" skipped="0">
  <testcase classname="packageAmazon.ProjectAmazon.Testcase2_LogintoAmazon_SearchforAproduct" name="validcredentials_searchingproduct" time="18.920"/>
</testsuite> <!-- packageAmazon.ProjectAmazon.Testcase2_LogintoAmazon_SearchforAproduct -->
